<?xml version="1.0" encoding="UTF-8"?>
<!-- Generated by org.testng.reporters.JUnitXMLReporter -->
<testsuite ignored="3" hostname="snx-lap-102" failures="3" tests="3" name="Default test" time="0.045" errors="0" timestamp="2022-06-08T12:18:25 PKT">
  <testcase classname="com.testcases.MeetAhsan2022.Login" name="ValidLogin" time="0.008">
    <failure type="java.lang.NullPointerException" message="Cannot invoke &amp;quot;org.openqa.selenium.WebDriver.findElement(org.openqa.selenium.By)&amp;quot; because &amp;quot;com.testcases.MeetAhsan2022.Configurations.driver&amp;quot; is null">
      <![CDATA[java.lang.NullPointerException: Cannot invoke "org.openqa.selenium.WebDriver.findElement(org.openqa.selenium.By)" because "com.testcases.MeetAhsan2022.Configurations.driver" is null
at com.testcases.MeetAhsan2022.Login.ValidLogin(Login.java:11)
at java.base/java.util.ArrayList.forEach(ArrayList.java:1511)
... Removed 27 stack frames]]>
    </failure>
  </testcase> <!-- ValidLogin -->
  <testcase classname="com.testcases.MeetAhsan2022.Projects" name="ApplyFilter" time="0.002">
    <failure type="java.lang.NullPointerException" message="Cannot invoke &amp;quot;org.openqa.selenium.WebDriver.findElement(org.openqa.selenium.By)&amp;quot; because &amp;quot;com.testcases.MeetAhsan2022.Configurations.driver&amp;quot; is null">
      <![CDATA[java.lang.NullPointerException: Cannot invoke "org.openqa.selenium.WebDriver.findElement(org.openqa.selenium.By)" because "com.testcases.MeetAhsan2022.Configurations.driver" is null
at com.testcases.MeetAhsan2022.Projects.ApplyFilter(Projects.java:18)
at java.base/java.util.ArrayList.forEach(ArrayList.java:1511)
... Removed 27 stack frames]]>
    </failure>
  </testcase> <!-- ApplyFilter -->
  <testcase classname="com.testcases.MeetAhsan2022.Projects" name="ProjectMenu" time="0.001">
    <failure type="java.lang.NullPointerException" message="Cannot invoke &amp;quot;org.openqa.selenium.WebDriver.findElement(org.openqa.selenium.By)&amp;quot; because &amp;quot;com.testcases.MeetAhsan2022.Configurations.driver&amp;quot; is null">
      <![CDATA[java.lang.NullPointerException: Cannot invoke "org.openqa.selenium.WebDriver.findElement(org.openqa.selenium.By)" because "com.testcases.MeetAhsan2022.Configurations.driver" is null
at com.testcases.MeetAhsan2022.Projects.ProjectMenu(Projects.java:13)
at java.base/java.util.ArrayList.forEach(ArrayList.java:1511)
... Removed 27 stack frames]]>
    </failure>
  </testcase> <!-- ProjectMenu -->
  <testcase classname="com.testcases.MeetAhsan2022.Login" name="EmptyEmailTest" time="0.0">
    <ignored/>
  </testcase> <!-- EmptyEmailTest -->
  <testcase classname="com.testcases.MeetAhsan2022.Login" name="EmptyLoginFieldsTest" time="0.0">
    <ignored/>
  </testcase> <!-- EmptyLoginFieldsTest -->
  <testcase classname="com.testcases.MeetAhsan2022.Login" name="InvalidLogin" time="0.0">
    <ignored/>
  </testcase> <!-- InvalidLogin -->
</testsuite> <!-- Default test -->
