<?xml version="1.0" encoding="UTF-8"?>
<!-- Generated by org.testng.reporters.JUnitXMLReporter -->
<testsuite ignored="0" hostname="snx-lap-102" failures="0" tests="6" name="Dashboard" time="15.742" errors="0" timestamp="2022-07-03T13:00:17 PKT">
  <testcase classname="com.testcases.MeetAhsan2022.Dashboard" name="DashboardMenu" time="3.054"/>
  <testcase classname="com.testcases.MeetAhsan2022.Dashboard" name="Count_project_taskinloop" time="3.168"/>
  <testcase classname="com.testcases.MeetAhsan2022.Dashboard" name="ViewTotalProjects" time="0.066"/>
  <testcase classname="com.testcases.MeetAhsan2022.Dashboard" name="ViewTotalTasks" time="3.151"/>
  <testcase classname="com.testcases.MeetAhsan2022.Dashboard" name="ViewOpenTasks" time="3.143"/>
  <testcase classname="com.testcases.MeetAhsan2022.Dashboard" name="ViewCompletedTasks" time="3.15"/>
</testsuite> <!-- Dashboard -->
