<?xml version="1.0" encoding="UTF-8"?>
<!-- Generated by org.testng.reporters.JUnitXMLReporter -->
<testsuite ignored="0" hostname="snx-lap-102" failures="0" tests="5" name="Test" time="32.017" errors="0" timestamp="2022-07-03T12:59:45 PKT">
  <testcase classname="com.testcases.MeetAhsan2022.Configurations" name="Browser" time="7.141"/>
  <testcase classname="com.testcases.MeetAhsan2022.Login" name="InvalidLogin" time="7.298"/>
  <testcase classname="com.testcases.MeetAhsan2022.Login" name="EmptyLoginFieldsTest" time="7.293"/>
  <testcase classname="com.testcases.MeetAhsan2022.Login" name="EmptyEmailTest" time="6.015"/>
  <testcase classname="com.testcases.MeetAhsan2022.Login" name="ValidLogin" time="4.213"/>
</testsuite> <!-- Test -->
